{"E:\\my-test-project\\myc-webpack-react-demo\\src\\pages\\trade\\container\\components\\Loading\\index.jsx": {"path":"E:\\my-test-project\\myc-webpack-react-demo\\src\\pages\\trade\\container\\components\\Loading\\index.jsx","all":false,"statementMap":{"0":{"start":{"line":1,"column":0},"end":{"line":1,"column":26}},"1":{"start":{"line":2,"column":0},"end":{"line":2,"column":39}},"2":{"start":{"line":3,"column":0},"end":{"line":3,"column":0}},"3":{"start":{"line":4,"column":0},"end":{"line":4,"column":23}},"4":{"start":{"line":5,"column":0},"end":{"line":5,"column":55}},"5":{"start":{"line":6,"column":0},"end":{"line":6,"column":2}},"6":{"start":{"line":7,"column":0},"end":{"line":7,"column":0}},"7":{"start":{"line":8,"column":0},"end":{"line":8,"column":23}}},"s":{"0":1,"1":1,"2":1,"3":1,"4":1,"5":1,"6":1,"7":1},"branchMap":{"0":{"type":"branch","line":4,"loc":{"start":{"line":4,"column":16},"end":{"line":6,"column":2}},"locations":[{"start":{"line":4,"column":16},"end":{"line":6,"column":2}}]}},"b":{"0":[1]},"fnMap":{"0":{"name":"Loading","decl":{"start":{"line":4,"column":16},"end":{"line":6,"column":2}},"loc":{"start":{"line":4,"column":16},"end":{"line":6,"column":2}},"line":4}},"f":{"0":1}}
,"E:\\my-test-project\\myc-webpack-react-demo\\src\\pages\\trade\\container\\components\\Loading\\index.module.css": {"path":"E:\\my-test-project\\myc-webpack-react-demo\\src\\pages\\trade\\container\\components\\Loading\\index.module.css","all":false,"statementMap":{"0":{"start":{"line":1,"column":0},"end":{"line":1,"column":12}},"1":{"start":{"line":2,"column":0},"end":{"line":2,"column":26}},"2":{"start":{"line":3,"column":0},"end":{"line":3,"column":15}},"3":{"start":{"line":4,"column":0},"end":{"line":4,"column":1}}},"s":{"0":1,"1":1,"2":1,"3":1},"branchMap":{"0":{"type":"branch","line":1,"loc":{"start":{"line":1,"column":0},"end":{"line":4,"column":1}},"locations":[{"start":{"line":1,"column":0},"end":{"line":4,"column":1}}]},"1":{"type":"branch","line":1,"loc":{"start":{"line":1,"column":0},"end":{"line":4,"column":1}},"locations":[{"start":{"line":1,"column":0},"end":{"line":4,"column":1}}]}},"b":{"0":[1],"1":[1]},"fnMap":{"0":{"name":"Object.<anonymous>","decl":{"start":{"line":1,"column":0},"end":{"line":4,"column":1}},"loc":{"start":{"line":1,"column":0},"end":{"line":4,"column":1}},"line":1}},"f":{"0":1}}
,"E:\\my-test-project\\myc-webpack-react-demo\\src\\pages\\trade\\container\\store\\reducer\\counter.js": {"path":"E:\\my-test-project\\myc-webpack-react-demo\\src\\pages\\trade\\container\\store\\reducer\\counter.js","all":false,"statementMap":{"0":{"start":{"line":1,"column":0},"end":{"line":1,"column":46}},"1":{"start":{"line":2,"column":0},"end":{"line":2,"column":0}},"2":{"start":{"line":3,"column":0},"end":{"line":3,"column":41}},"3":{"start":{"line":4,"column":0},"end":{"line":4,"column":18}},"4":{"start":{"line":5,"column":0},"end":{"line":5,"column":17}},"5":{"start":{"line":6,"column":0},"end":{"line":6,"column":12}},"6":{"start":{"line":7,"column":0},"end":{"line":7,"column":4}},"7":{"start":{"line":8,"column":0},"end":{"line":8,"column":13}},"8":{"start":{"line":9,"column":0},"end":{"line":9,"column":25}},"9":{"start":{"line":10,"column":0},"end":{"line":10,"column":49}},"10":{"start":{"line":11,"column":0},"end":{"line":11,"column":35}},"11":{"start":{"line":12,"column":0},"end":{"line":12,"column":37}},"12":{"start":{"line":13,"column":0},"end":{"line":13,"column":15}},"13":{"start":{"line":14,"column":0},"end":{"line":14,"column":22}},"14":{"start":{"line":15,"column":0},"end":{"line":15,"column":6}},"15":{"start":{"line":16,"column":0},"end":{"line":16,"column":25}},"16":{"start":{"line":17,"column":0},"end":{"line":17,"column":22}},"17":{"start":{"line":18,"column":0},"end":{"line":18,"column":6}},"18":{"start":{"line":19,"column":0},"end":{"line":19,"column":43}},"19":{"start":{"line":20,"column":0},"end":{"line":20,"column":35}},"20":{"start":{"line":21,"column":0},"end":{"line":21,"column":5}},"21":{"start":{"line":22,"column":0},"end":{"line":22,"column":3}},"22":{"start":{"line":23,"column":0},"end":{"line":23,"column":2}},"23":{"start":{"line":24,"column":0},"end":{"line":24,"column":43}},"24":{"start":{"line":25,"column":0},"end":{"line":25,"column":79}},"25":{"start":{"line":26,"column":0},"end":{"line":26,"column":0}},"26":{"start":{"line":27,"column":0},"end":{"line":27,"column":35}}},"s":{"0":1,"1":1,"2":1,"3":1,"4":1,"5":1,"6":1,"7":1,"8":1,"9":0,"10":0,"11":0,"12":0,"13":0,"14":1,"15":1,"16":0,"17":1,"18":1,"19":0,"20":0,"21":1,"22":1,"23":1,"24":1,"25":1,"26":1},"branchMap":{},"b":{},"fnMap":{"0":{"name":"increment","decl":{"start":{"line":9,"column":15},"end":{"line":15,"column":5}},"loc":{"start":{"line":9,"column":15},"end":{"line":15,"column":5}},"line":9},"1":{"name":"decrement","decl":{"start":{"line":16,"column":15},"end":{"line":18,"column":5}},"loc":{"start":{"line":16,"column":15},"end":{"line":18,"column":5}},"line":16},"2":{"name":"incrementByAmount","decl":{"start":{"line":19,"column":23},"end":{"line":21,"column":5}},"loc":{"start":{"line":19,"column":23},"end":{"line":21,"column":5}},"line":19}},"f":{"0":0,"1":0,"2":0}}
,"E:\\my-test-project\\myc-webpack-react-demo\\src\\pages\\trade\\container\\views\\Index\\index.js": {"path":"E:\\my-test-project\\myc-webpack-react-demo\\src\\pages\\trade\\container\\views\\Index\\index.js","all":false,"statementMap":{"0":{"start":{"line":1,"column":0},"end":{"line":1,"column":38}},"1":{"start":{"line":2,"column":0},"end":{"line":2,"column":54}},"2":{"start":{"line":3,"column":0},"end":{"line":3,"column":86}},"3":{"start":{"line":4,"column":0},"end":{"line":4,"column":39}},"4":{"start":{"line":5,"column":0},"end":{"line":5,"column":58}},"5":{"start":{"line":6,"column":0},"end":{"line":6,"column":40}},"6":{"start":{"line":7,"column":0},"end":{"line":7,"column":0}},"7":{"start":{"line":8,"column":0},"end":{"line":8,"column":21}},"8":{"start":{"line":9,"column":0},"end":{"line":9,"column":32}},"9":{"start":{"line":10,"column":0},"end":{"line":10,"column":0}},"10":{"start":{"line":11,"column":0},"end":{"line":11,"column":38}},"11":{"start":{"line":12,"column":0},"end":{"line":12,"column":32}},"12":{"start":{"line":13,"column":0},"end":{"line":13,"column":31}},"13":{"start":{"line":14,"column":0},"end":{"line":14,"column":4}},"14":{"start":{"line":15,"column":0},"end":{"line":15,"column":32}},"15":{"start":{"line":16,"column":0},"end":{"line":16,"column":0}},"16":{"start":{"line":17,"column":0},"end":{"line":17,"column":10}},"17":{"start":{"line":18,"column":0},"end":{"line":18,"column":6}},"18":{"start":{"line":19,"column":0},"end":{"line":19,"column":49}},"19":{"start":{"line":20,"column":0},"end":{"line":20,"column":49}},"20":{"start":{"line":21,"column":0},"end":{"line":21,"column":47}},"21":{"start":{"line":22,"column":0},"end":{"line":22,"column":51}},"22":{"start":{"line":23,"column":0},"end":{"line":23,"column":34}},"23":{"start":{"line":24,"column":0},"end":{"line":24,"column":12}},"24":{"start":{"line":25,"column":0},"end":{"line":25,"column":12}},"25":{"start":{"line":26,"column":0},"end":{"line":26,"column":17}},"26":{"start":{"line":27,"column":0},"end":{"line":27,"column":13}},"27":{"start":{"line":28,"column":0},"end":{"line":28,"column":12}},"28":{"start":{"line":29,"column":0},"end":{"line":29,"column":13}},"29":{"start":{"line":30,"column":0},"end":{"line":30,"column":24}},"30":{"start":{"line":31,"column":0},"end":{"line":31,"column":32}},"31":{"start":{"line":32,"column":0},"end":{"line":32,"column":10}},"32":{"start":{"line":33,"column":0},"end":{"line":33,"column":7}},"33":{"start":{"line":34,"column":0},"end":{"line":34,"column":10}},"34":{"start":{"line":35,"column":0},"end":{"line":35,"column":15}},"35":{"start":{"line":36,"column":0},"end":{"line":36,"column":63}},"36":{"start":{"line":37,"column":0},"end":{"line":37,"column":12}},"37":{"start":{"line":38,"column":0},"end":{"line":38,"column":44}},"38":{"start":{"line":39,"column":0},"end":{"line":39,"column":13}},"39":{"start":{"line":40,"column":0},"end":{"line":40,"column":24}},"40":{"start":{"line":41,"column":0},"end":{"line":41,"column":52}},"41":{"start":{"line":42,"column":0},"end":{"line":42,"column":49}},"42":{"start":{"line":43,"column":0},"end":{"line":43,"column":10}},"43":{"start":{"line":44,"column":0},"end":{"line":44,"column":7}},"44":{"start":{"line":45,"column":0},"end":{"line":45,"column":9}},"45":{"start":{"line":46,"column":0},"end":{"line":46,"column":15}},"46":{"start":{"line":47,"column":0},"end":{"line":47,"column":7}},"47":{"start":{"line":48,"column":0},"end":{"line":48,"column":4}},"48":{"start":{"line":49,"column":0},"end":{"line":49,"column":2}},"49":{"start":{"line":50,"column":0},"end":{"line":50,"column":0}},"50":{"start":{"line":51,"column":0},"end":{"line":51,"column":21}}},"s":{"0":1,"1":1,"2":1,"3":1,"4":1,"5":1,"6":1,"7":1,"8":1,"9":1,"10":1,"11":2,"12":2,"13":1,"14":1,"15":1,"16":1,"17":1,"18":1,"19":1,"20":1,"21":1,"22":1,"23":1,"24":1,"25":1,"26":1,"27":1,"28":1,"29":1,"30":0,"31":0,"32":1,"33":1,"34":1,"35":1,"36":1,"37":1,"38":1,"39":1,"40":0,"41":0,"42":0,"43":1,"44":1,"45":1,"46":1,"47":1,"48":1,"49":1,"50":1},"branchMap":{"0":{"type":"branch","line":8,"loc":{"start":{"line":8,"column":14},"end":{"line":49,"column":2}},"locations":[{"start":{"line":8,"column":14},"end":{"line":49,"column":2}}]},"1":{"type":"branch","line":11,"loc":{"start":{"line":11,"column":28},"end":{"line":14,"column":3}},"locations":[{"start":{"line":11,"column":28},"end":{"line":14,"column":3}}]}},"b":{"0":[1],"1":[2]},"fnMap":{"0":{"name":"Index","decl":{"start":{"line":8,"column":14},"end":{"line":49,"column":2}},"loc":{"start":{"line":8,"column":14},"end":{"line":49,"column":2}},"line":8},"1":{"name":"onClick","decl":{"start":{"line":30,"column":17},"end":{"line":32,"column":10}},"loc":{"start":{"line":30,"column":17},"end":{"line":32,"column":10}},"line":30},"2":{"name":"onClick","decl":{"start":{"line":36,"column":23},"end":{"line":36,"column":51}},"loc":{"start":{"line":36,"column":23},"end":{"line":36,"column":51}},"line":36},"3":{"name":"onClick","decl":{"start":{"line":40,"column":17},"end":{"line":43,"column":10}},"loc":{"start":{"line":40,"column":17},"end":{"line":43,"column":10}},"line":40}},"f":{"0":1,"1":0,"2":0,"3":0}}
,"E:\\my-test-project\\myc-webpack-react-demo\\src\\pages\\trade\\container\\views\\Index\\index.module.css": {"path":"E:\\my-test-project\\myc-webpack-react-demo\\src\\pages\\trade\\container\\views\\Index\\index.module.css","all":false,"statementMap":{"0":{"start":{"line":1,"column":0},"end":{"line":1,"column":7}},"1":{"start":{"line":2,"column":0},"end":{"line":2,"column":16}},"2":{"start":{"line":3,"column":0},"end":{"line":3,"column":31}},"3":{"start":{"line":4,"column":0},"end":{"line":4,"column":1}}},"s":{"0":1,"1":1,"2":1,"3":1},"branchMap":{"0":{"type":"branch","line":1,"loc":{"start":{"line":1,"column":0},"end":{"line":4,"column":1}},"locations":[{"start":{"line":1,"column":0},"end":{"line":4,"column":1}}]},"1":{"type":"branch","line":1,"loc":{"start":{"line":1,"column":0},"end":{"line":4,"column":1}},"locations":[{"start":{"line":1,"column":0},"end":{"line":4,"column":1}}]}},"b":{"0":[1],"1":[1]},"fnMap":{"0":{"name":"Object.<anonymous>","decl":{"start":{"line":1,"column":0},"end":{"line":4,"column":1}},"loc":{"start":{"line":1,"column":0},"end":{"line":4,"column":1}},"line":1}},"f":{"0":1}}
}
